The target system is: Linux -  - arm
The host system is: Linux - 5.10.16.3-microsoft-standard-WSL2 - x86_64
Compiling the C compiler identification source file "CMakeCCompilerId.c" succeeded.
Compiler: /usr/local/arm-linux/bin//arm-linux-gcc 
Build flags: 
Id flags:  

The output was:
0


Compilation of the C compiler identification source "CMakeCCompilerId.c" produced "a.out"

The C compiler identification is GNU, found in "/home/victor/0-project1/build/CMakeFiles/3.22.1/CompilerIdC/a.out"

Compiling the CXX compiler identification source file "CMakeCXXCompilerId.cpp" succeeded.
Compiler: /usr/local/arm-linux/bin//arm-linux-g++ 
Build flags: 
Id flags:  

The output was:
0


Compilation of the CXX compiler identification source "CMakeCXXCompilerId.cpp" produced "a.out"

The CXX compiler identification is GNU, found in "/home/victor/0-project1/build/CMakeFiles/3.22.1/CompilerIdCXX/a.out"

Detecting C compiler ABI info compiled with the following output:
Change Dir: /home/victor/0-project1/build/CMakeFiles/CMakeTmp

Run Build Command(s):/usr/bin/gmake -f Makefile cmTC_4d2a1/fast && gmake: Warning: File 'Makefile' has modification time 1.2 s in the future
/usr/bin/gmake  -f CMakeFiles/cmTC_4d2a1.dir/build.make CMakeFiles/cmTC_4d2a1.dir/build
gmake[1]: Entering directory '/mnt/d/0-project1/build/CMakeFiles/CMakeTmp'
gmake[1]: Warning: File 'CMakeFiles/cmTC_4d2a1.dir/flags.make' has modification time 1.2 s in the future
Building C object CMakeFiles/cmTC_4d2a1.dir/CMakeCCompilerABI.c.o
/usr/local/arm-linux/bin//arm-linux-gcc   -v -o CMakeFiles/cmTC_4d2a1.dir/CMakeCCompilerABI.c.o -c /usr/share/cmake-3.22/Modules/CMakeCCompilerABI.c
Using built-in specs.
COLLECT_GCC=/usr/local/arm-linux/bin//arm-linux-gcc
Target: arm-linux-gnueabi
Configured with: '/home/tcwg-buildslave/workspace/tcwg-make-release/builder_arch/amd64/label/tcwg-x86_64-build/target/arm-linux-gnueabi/snapshots/gcc.git~linaro-5.5-2017.10/configure' SHELL=/bin/bash --with-mpc=/home/tcwg-buildslave/workspace/tcwg-make-release/builder_arch/amd64/label/tcwg-x86_64-build/target/arm-linux-gnueabi/_build/builds/destdir/x86_64-unknown-linux-gnu --with-mpfr=/home/tcwg-buildslave/workspace/tcwg-make-release/builder_arch/amd64/label/tcwg-x86_64-build/target/arm-linux-gnueabi/_build/builds/destdir/x86_64-unknown-linux-gnu --with-gmp=/home/tcwg-buildslave/workspace/tcwg-make-release/builder_arch/amd64/label/tcwg-x86_64-build/target/arm-linux-gnueabi/_build/builds/destdir/x86_64-unknown-linux-gnu --with-gnu-as --with-gnu-ld --disable-libmudflap --enable-lto --enable-shared --without-included-gettext --enable-nls --disable-sjlj-exceptions --enable-gnu-unique-object --enable-linker-build-id --disable-libstdcxx-pch --enable-c99 --enable-clocale=gnu --enable-libstdcxx-debug --enable-long-long --with-cloog=no --with-ppl=no --with-isl=no --disable-multilib --with-float=soft --with-mode=thumb --with-tune=cortex-a9 --with-arch=armv7-a --enable-threads=posix --enable-multiarch --enable-libstdcxx-time=yes --with-build-sysroot=/home/tcwg-buildslave/workspace/tcwg-make-release/builder_arch/amd64/label/tcwg-x86_64-build/target/arm-linux-gnueabi/_build/sysroots/arm-linux-gnueabi --with-sysroot=/home/tcwg-buildslave/workspace/tcwg-make-release/builder_arch/amd64/label/tcwg-x86_64-build/target/arm-linux-gnueabi/_build/builds/destdir/x86_64-unknown-linux-gnu/arm-linux-gnueabi/libc --enable-checking=release --disable-bootstrap --enable-languages=c,c++,fortran,lto --build=x86_64-unknown-linux-gnu --host=x86_64-unknown-linux-gnu --target=arm-linux-gnueabi --prefix=/home/tcwg-buildslave/workspace/tcwg-make-release/builder_arch/amd64/label/tcwg-x86_64-build/target/arm-linux-gnueabi/_build/builds/destdir/x86_64-unknown-linux-gnu
Thread model: posix
gcc version 5.5.0 (Linaro GCC 5.5-2017.10) 
COLLECT_GCC_OPTIONS='-v' '-o' 'CMakeFiles/cmTC_4d2a1.dir/CMakeCCompilerABI.c.o' '-c' '-march=armv7-a' '-mtune=cortex-a9' '-mfloat-abi=soft' '-mthumb' '-mtls-dialect=gnu'
 /usr/local/arm-linux/bin/../libexec/gcc/arm-linux-gnueabi/5.5.0/cc1 -quiet -v -imultilib . -imultiarch arm-linux-gnueabi -iprefix /usr/local/arm-linux/bin/../lib/gcc/arm-linux-gnueabi/5.5.0/ -isysroot /usr/local/arm-linux/bin/../arm-linux-gnueabi/libc /usr/share/cmake-3.22/Modules/CMakeCCompilerABI.c -quiet -dumpbase CMakeCCompilerABI.c -march=armv7-a -mtune=cortex-a9 -mfloat-abi=soft -mthumb -mtls-dialect=gnu -auxbase-strip CMakeFiles/cmTC_4d2a1.dir/CMakeCCompilerABI.c.o -version -o /tmp/cc4fMmlM.s
GNU C11 (Linaro GCC 5.5-2017.10) version 5.5.0 (arm-linux-gnueabi)
	compiled by GNU C version 4.8.4, GMP version 6.0.0, MPFR version 3.1.3, MPC version 1.0.3
GGC heuristics: --param ggc-min-expand=100 --param ggc-min-heapsize=131072
ignoring duplicate directory "/usr/local/arm-linux/bin/../lib/gcc/../../lib/gcc/arm-linux-gnueabi/5.5.0/include"
ignoring nonexistent directory "/usr/local/arm-linux/bin/../arm-linux-gnueabi/libc/usr/local/include/arm-linux-gnueabi"
ignoring nonexistent directory "/usr/local/arm-linux/bin/../arm-linux-gnueabi/libc/usr/local/include"
ignoring duplicate directory "/usr/local/arm-linux/bin/../lib/gcc/../../lib/gcc/arm-linux-gnueabi/5.5.0/include-fixed"
ignoring duplicate directory "/usr/local/arm-linux/bin/../lib/gcc/../../lib/gcc/arm-linux-gnueabi/5.5.0/../../../../arm-linux-gnueabi/include"
ignoring nonexistent directory "/usr/local/arm-linux/bin/../arm-linux-gnueabi/libc/usr/include/arm-linux-gnueabi"
#include "..." search starts here:
#include <...> search starts here:
 /usr/local/arm-linux/bin/../lib/gcc/arm-linux-gnueabi/5.5.0/include
 /usr/local/arm-linux/bin/../lib/gcc/arm-linux-gnueabi/5.5.0/include-fixed
 /usr/local/arm-linux/bin/../lib/gcc/arm-linux-gnueabi/5.5.0/../../../../arm-linux-gnueabi/include
 /usr/local/arm-linux/bin/../arm-linux-gnueabi/libc/usr/include
End of search list.
GNU C11 (Linaro GCC 5.5-2017.10) version 5.5.0 (arm-linux-gnueabi)
	compiled by GNU C version 4.8.4, GMP version 6.0.0, MPFR version 3.1.3, MPC version 1.0.3
GGC heuristics: --param ggc-min-expand=100 --param ggc-min-heapsize=131072
Compiler executable checksum: d101cab20aca7529df8b52219307d613
COLLECT_GCC_OPTIONS='-v' '-o' 'CMakeFiles/cmTC_4d2a1.dir/CMakeCCompilerABI.c.o' '-c' '-march=armv7-a' '-mtune=cortex-a9' '-mfloat-abi=soft' '-mthumb' '-mtls-dialect=gnu'
 /usr/local/arm-linux/bin/../lib/gcc/arm-linux-gnueabi/5.5.0/../../../../arm-linux-gnueabi/bin/as -v -march=armv7-a -mfloat-abi=soft -meabi=5 -o CMakeFiles/cmTC_4d2a1.dir/CMakeCCompilerABI.c.o /tmp/cc4fMmlM.s
GNU assembler version 2.25.2 (arm-linux-gnueabi) using BFD version (Linaro_Binutils-2017.10) 2.25.2 Linaro 2016_02
COMPILER_PATH=/usr/local/arm-linux/bin/../libexec/gcc/arm-linux-gnueabi/5.5.0/:/usr/local/arm-linux/bin/../libexec/gcc/arm-linux-gnueabi/:/usr/local/arm-linux/bin/../libexec/gcc/:/usr/local/arm-linux/bin/../lib/gcc/arm-linux-gnueabi/5.5.0/../../../../arm-linux-gnueabi/bin/
LIBRARY_PATH=/usr/local/arm-linux/bin/../lib/gcc/arm-linux-gnueabi/5.5.0/:/usr/local/arm-linux/bin/../lib/gcc/arm-linux-gnueabi/:/usr/local/arm-linux/bin/../lib/gcc/:/usr/local/arm-linux/bin/../lib/gcc/arm-linux-gnueabi/5.5.0/../../../../arm-linux-gnueabi/lib/:/usr/local/arm-linux/bin/../arm-linux-gnueabi/libc/lib/:/usr/local/arm-linux/bin/../arm-linux-gnueabi/libc/usr/lib/
COLLECT_GCC_OPTIONS='-v' '-o' 'CMakeFiles/cmTC_4d2a1.dir/CMakeCCompilerABI.c.o' '-c' '-march=armv7-a' '-mtune=cortex-a9' '-mfloat-abi=soft' '-mthumb' '-mtls-dialect=gnu'
Linking C executable cmTC_4d2a1
/usr/bin/cmake -E cmake_link_script CMakeFiles/cmTC_4d2a1.dir/link.txt --verbose=1
/usr/local/arm-linux/bin//arm-linux-gcc  -v CMakeFiles/cmTC_4d2a1.dir/CMakeCCompilerABI.c.o -o cmTC_4d2a1 
Using built-in specs.
COLLECT_GCC=/usr/local/arm-linux/bin//arm-linux-gcc
COLLECT_LTO_WRAPPER=/usr/local/arm-linux/bin/../libexec/gcc/arm-linux-gnueabi/5.5.0/lto-wrapper
Target: arm-linux-gnueabi
Configured with: '/home/tcwg-buildslave/workspace/tcwg-make-release/builder_arch/amd64/label/tcwg-x86_64-build/target/arm-linux-gnueabi/snapshots/gcc.git~linaro-5.5-2017.10/configure' SHELL=/bin/bash --with-mpc=/home/tcwg-buildslave/workspace/tcwg-make-release/builder_arch/amd64/label/tcwg-x86_64-build/target/arm-linux-gnueabi/_build/builds/destdir/x86_64-unknown-linux-gnu --with-mpfr=/home/tcwg-buildslave/workspace/tcwg-make-release/builder_arch/amd64/label/tcwg-x86_64-build/target/arm-linux-gnueabi/_build/builds/destdir/x86_64-unknown-linux-gnu --with-gmp=/home/tcwg-buildslave/workspace/tcwg-make-release/builder_arch/amd64/label/tcwg-x86_64-build/target/arm-linux-gnueabi/_build/builds/destdir/x86_64-unknown-linux-gnu --with-gnu-as --with-gnu-ld --disable-libmudflap --enable-lto --enable-shared --without-included-gettext --enable-nls --disable-sjlj-exceptions --enable-gnu-unique-object --enable-linker-build-id --disable-libstdcxx-pch --enable-c99 --enable-clocale=gnu --enable-libstdcxx-debug --enable-long-long --with-cloog=no --with-ppl=no --with-isl=no --disable-multilib --with-float=soft --with-mode=thumb --with-tune=cortex-a9 --with-arch=armv7-a --enable-threads=posix --enable-multiarch --enable-libstdcxx-time=yes --with-build-sysroot=/home/tcwg-buildslave/workspace/tcwg-make-release/builder_arch/amd64/label/tcwg-x86_64-build/target/arm-linux-gnueabi/_build/sysroots/arm-linux-gnueabi --with-sysroot=/home/tcwg-buildslave/workspace/tcwg-make-release/builder_arch/amd64/label/tcwg-x86_64-build/target/arm-linux-gnueabi/_build/builds/destdir/x86_64-unknown-linux-gnu/arm-linux-gnueabi/libc --enable-checking=release --disable-bootstrap --enable-languages=c,c++,fortran,lto --build=x86_64-unknown-linux-gnu --host=x86_64-unknown-linux-gnu --target=arm-linux-gnueabi --prefix=/home/tcwg-buildslave/workspace/tcwg-make-release/builder_arch/amd64/label/tcwg-x86_64-build/target/arm-linux-gnueabi/_build/builds/destdir/x86_64-unknown-linux-gnu
Thread model: posix
gcc version 5.5.0 (Linaro GCC 5.5-2017.10) 
COMPILER_PATH=/usr/local/arm-linux/bin/../libexec/gcc/arm-linux-gnueabi/5.5.0/:/usr/local/arm-linux/bin/../libexec/gcc/arm-linux-gnueabi/:/usr/local/arm-linux/bin/../libexec/gcc/:/usr/local/arm-linux/bin/../lib/gcc/arm-linux-gnueabi/5.5.0/../../../../arm-linux-gnueabi/bin/
LIBRARY_PATH=/usr/local/arm-linux/bin/../lib/gcc/arm-linux-gnueabi/5.5.0/:/usr/local/arm-linux/bin/../lib/gcc/arm-linux-gnueabi/:/usr/local/arm-linux/bin/../lib/gcc/:/usr/local/arm-linux/bin/../lib/gcc/arm-linux-gnueabi/5.5.0/../../../../arm-linux-gnueabi/lib/:/usr/local/arm-linux/bin/../arm-linux-gnueabi/libc/lib/:/usr/local/arm-linux/bin/../arm-linux-gnueabi/libc/usr/lib/
COLLECT_GCC_OPTIONS='-v' '-o' 'cmTC_4d2a1' '-march=armv7-a' '-mtune=cortex-a9' '-mfloat-abi=soft' '-mthumb' '-mtls-dialect=gnu'
 /usr/local/arm-linux/bin/../libexec/gcc/arm-linux-gnueabi/5.5.0/collect2 -plugin /usr/local/arm-linux/bin/../libexec/gcc/arm-linux-gnueabi/5.5.0/liblto_plugin.so -plugin-opt=/usr/local/arm-linux/bin/../libexec/gcc/arm-linux-gnueabi/5.5.0/lto-wrapper -plugin-opt=-fresolution=/tmp/ccjkFG2i.res -plugin-opt=-pass-through=-lgcc -plugin-opt=-pass-through=-lgcc_s -plugin-opt=-pass-through=-lc -plugin-opt=-pass-through=-lgcc -plugin-opt=-pass-through=-lgcc_s --sysroot=/usr/local/arm-linux/bin/../arm-linux-gnueabi/libc --build-id --eh-frame-hdr -dynamic-linker /lib/ld-linux.so.3 -X -m armelf_linux_eabi -o cmTC_4d2a1 /usr/local/arm-linux/bin/../arm-linux-gnueabi/libc/usr/lib/crt1.o /usr/local/arm-linux/bin/../arm-linux-gnueabi/libc/usr/lib/crti.o /usr/local/arm-linux/bin/../lib/gcc/arm-linux-gnueabi/5.5.0/crtbegin.o -L/usr/local/arm-linux/bin/../lib/gcc/arm-linux-gnueabi/5.5.0 -L/usr/local/arm-linux/bin/../lib/gcc/arm-linux-gnueabi -L/usr/local/arm-linux/bin/../lib/gcc -L/usr/local/arm-linux/bin/../lib/gcc/arm-linux-gnueabi/5.5.0/../../../../arm-linux-gnueabi/lib -L/usr/local/arm-linux/bin/../arm-linux-gnueabi/libc/lib -L/usr/local/arm-linux/bin/../arm-linux-gnueabi/libc/usr/lib CMakeFiles/cmTC_4d2a1.dir/CMakeCCompilerABI.c.o -lgcc --as-needed -lgcc_s --no-as-needed -lc -lgcc --as-needed -lgcc_s --no-as-needed /usr/local/arm-linux/bin/../lib/gcc/arm-linux-gnueabi/5.5.0/crtend.o /usr/local/arm-linux/bin/../arm-linux-gnueabi/libc/usr/lib/crtn.o
gmake[1]: warning:  Clock skew detected.  Your build may be incomplete.
gmake[1]: Leaving directory '/mnt/d/0-project1/build/CMakeFiles/CMakeTmp'
gmake: warning:  Clock skew detected.  Your build may be incomplete.



Parsed C implicit include dir info from above output: rv=done
  found start of include info
  found start of implicit include info
    add: [/usr/local/arm-linux/bin/../lib/gcc/arm-linux-gnueabi/5.5.0/include]
    add: [/usr/local/arm-linux/bin/../lib/gcc/arm-linux-gnueabi/5.5.0/include-fixed]
    add: [/usr/local/arm-linux/bin/../lib/gcc/arm-linux-gnueabi/5.5.0/../../../../arm-linux-gnueabi/include]
    add: [/usr/local/arm-linux/bin/../arm-linux-gnueabi/libc/usr/include]
  end of search list found
  collapse include dir [/usr/local/arm-linux/bin/../lib/gcc/arm-linux-gnueabi/5.5.0/include] ==> [/usr/local/arm-linux/lib/gcc/arm-linux-gnueabi/5.5.0/include]
  collapse include dir [/usr/local/arm-linux/bin/../lib/gcc/arm-linux-gnueabi/5.5.0/include-fixed] ==> [/usr/local/arm-linux/lib/gcc/arm-linux-gnueabi/5.5.0/include-fixed]
  collapse include dir [/usr/local/arm-linux/bin/../lib/gcc/arm-linux-gnueabi/5.5.0/../../../../arm-linux-gnueabi/include] ==> [/usr/local/arm-linux/arm-linux-gnueabi/include]
  collapse include dir [/usr/local/arm-linux/bin/../arm-linux-gnueabi/libc/usr/include] ==> [/usr/local/arm-linux/arm-linux-gnueabi/libc/usr/include]
  implicit include dirs: [/usr/local/arm-linux/lib/gcc/arm-linux-gnueabi/5.5.0/include;/usr/local/arm-linux/lib/gcc/arm-linux-gnueabi/5.5.0/include-fixed;/usr/local/arm-linux/arm-linux-gnueabi/include;/usr/local/arm-linux/arm-linux-gnueabi/libc/usr/include]


Parsed C implicit link information from above output:
  link line regex: [^( *|.*[/\])(arm-linux-ld|CMAKE_LINK_STARTFILE-NOTFOUND|([^/\]+-)?ld|collect2)[^/\]*( |$)]
  ignore line: [Change Dir: /home/victor/0-project1/build/CMakeFiles/CMakeTmp]
  ignore line: []
  ignore line: [Run Build Command(s):/usr/bin/gmake -f Makefile cmTC_4d2a1/fast && gmake: Warning: File 'Makefile' has modification time 1.2 s in the future]
  ignore line: [/usr/bin/gmake  -f CMakeFiles/cmTC_4d2a1.dir/build.make CMakeFiles/cmTC_4d2a1.dir/build]
  ignore line: [gmake[1]: Entering directory '/mnt/d/0-project1/build/CMakeFiles/CMakeTmp']
  ignore line: [gmake[1]: Warning: File 'CMakeFiles/cmTC_4d2a1.dir/flags.make' has modification time 1.2 s in the future]
  ignore line: [Building C object CMakeFiles/cmTC_4d2a1.dir/CMakeCCompilerABI.c.o]
  ignore line: [/usr/local/arm-linux/bin//arm-linux-gcc   -v -o CMakeFiles/cmTC_4d2a1.dir/CMakeCCompilerABI.c.o -c /usr/share/cmake-3.22/Modules/CMakeCCompilerABI.c]
  ignore line: [Using built-in specs.]
  ignore line: [COLLECT_GCC=/usr/local/arm-linux/bin//arm-linux-gcc]
  ignore line: [Target: arm-linux-gnueabi]
  ignore line: [Configured with: '/home/tcwg-buildslave/workspace/tcwg-make-release/builder_arch/amd64/label/tcwg-x86_64-build/target/arm-linux-gnueabi/snapshots/gcc.git~linaro-5.5-2017.10/configure' SHELL=/bin/bash --with-mpc=/home/tcwg-buildslave/workspace/tcwg-make-release/builder_arch/amd64/label/tcwg-x86_64-build/target/arm-linux-gnueabi/_build/builds/destdir/x86_64-unknown-linux-gnu --with-mpfr=/home/tcwg-buildslave/workspace/tcwg-make-release/builder_arch/amd64/label/tcwg-x86_64-build/target/arm-linux-gnueabi/_build/builds/destdir/x86_64-unknown-linux-gnu --with-gmp=/home/tcwg-buildslave/workspace/tcwg-make-release/builder_arch/amd64/label/tcwg-x86_64-build/target/arm-linux-gnueabi/_build/builds/destdir/x86_64-unknown-linux-gnu --with-gnu-as --with-gnu-ld --disable-libmudflap --enable-lto --enable-shared --without-included-gettext --enable-nls --disable-sjlj-exceptions --enable-gnu-unique-object --enable-linker-build-id --disable-libstdcxx-pch --enable-c99 --enable-clocale=gnu --enable-libstdcxx-debug --enable-long-long --with-cloog=no --with-ppl=no --with-isl=no --disable-multilib --with-float=soft --with-mode=thumb --with-tune=cortex-a9 --with-arch=armv7-a --enable-threads=posix --enable-multiarch --enable-libstdcxx-time=yes --with-build-sysroot=/home/tcwg-buildslave/workspace/tcwg-make-release/builder_arch/amd64/label/tcwg-x86_64-build/target/arm-linux-gnueabi/_build/sysroots/arm-linux-gnueabi --with-sysroot=/home/tcwg-buildslave/workspace/tcwg-make-release/builder_arch/amd64/label/tcwg-x86_64-build/target/arm-linux-gnueabi/_build/builds/destdir/x86_64-unknown-linux-gnu/arm-linux-gnueabi/libc --enable-checking=release --disable-bootstrap --enable-languages=c,c++,fortran,lto --build=x86_64-unknown-linux-gnu --host=x86_64-unknown-linux-gnu --target=arm-linux-gnueabi --prefix=/home/tcwg-buildslave/workspace/tcwg-make-release/builder_arch/amd64/label/tcwg-x86_64-build/target/arm-linux-gnueabi/_build/builds/destdir/x86_64-unknown-linux-gnu]
  ignore line: [Thread model: posix]
  ignore line: [gcc version 5.5.0 (Linaro GCC 5.5-2017.10) ]
  ignore line: [COLLECT_GCC_OPTIONS='-v' '-o' 'CMakeFiles/cmTC_4d2a1.dir/CMakeCCompilerABI.c.o' '-c' '-march=armv7-a' '-mtune=cortex-a9' '-mfloat-abi=soft' '-mthumb' '-mtls-dialect=gnu']
  ignore line: [ /usr/local/arm-linux/bin/../libexec/gcc/arm-linux-gnueabi/5.5.0/cc1 -quiet -v -imultilib . -imultiarch arm-linux-gnueabi -iprefix /usr/local/arm-linux/bin/../lib/gcc/arm-linux-gnueabi/5.5.0/ -isysroot /usr/local/arm-linux/bin/../arm-linux-gnueabi/libc /usr/share/cmake-3.22/Modules/CMakeCCompilerABI.c -quiet -dumpbase CMakeCCompilerABI.c -march=armv7-a -mtune=cortex-a9 -mfloat-abi=soft -mthumb -mtls-dialect=gnu -auxbase-strip CMakeFiles/cmTC_4d2a1.dir/CMakeCCompilerABI.c.o -version -o /tmp/cc4fMmlM.s]
  ignore line: [GNU C11 (Linaro GCC 5.5-2017.10) version 5.5.0 (arm-linux-gnueabi)]
  ignore line: [	compiled by GNU C version 4.8.4  GMP version 6.0.0  MPFR version 3.1.3  MPC version 1.0.3]
  ignore line: [GGC heuristics: --param ggc-min-expand=100 --param ggc-min-heapsize=131072]
  ignore line: [ignoring duplicate directory "/usr/local/arm-linux/bin/../lib/gcc/../../lib/gcc/arm-linux-gnueabi/5.5.0/include"]
  ignore line: [ignoring nonexistent directory "/usr/local/arm-linux/bin/../arm-linux-gnueabi/libc/usr/local/include/arm-linux-gnueabi"]
  ignore line: [ignoring nonexistent directory "/usr/local/arm-linux/bin/../arm-linux-gnueabi/libc/usr/local/include"]
  ignore line: [ignoring duplicate directory "/usr/local/arm-linux/bin/../lib/gcc/../../lib/gcc/arm-linux-gnueabi/5.5.0/include-fixed"]
  ignore line: [ignoring duplicate directory "/usr/local/arm-linux/bin/../lib/gcc/../../lib/gcc/arm-linux-gnueabi/5.5.0/../../../../arm-linux-gnueabi/include"]
  ignore line: [ignoring nonexistent directory "/usr/local/arm-linux/bin/../arm-linux-gnueabi/libc/usr/include/arm-linux-gnueabi"]
  ignore line: [#include "..." search starts here:]
  ignore line: [#include <...> search starts here:]
  ignore line: [ /usr/local/arm-linux/bin/../lib/gcc/arm-linux-gnueabi/5.5.0/include]
  ignore line: [ /usr/local/arm-linux/bin/../lib/gcc/arm-linux-gnueabi/5.5.0/include-fixed]
  ignore line: [ /usr/local/arm-linux/bin/../lib/gcc/arm-linux-gnueabi/5.5.0/../../../../arm-linux-gnueabi/include]
  ignore line: [ /usr/local/arm-linux/bin/../arm-linux-gnueabi/libc/usr/include]
  ignore line: [End of search list.]
  ignore line: [GNU C11 (Linaro GCC 5.5-2017.10) version 5.5.0 (arm-linux-gnueabi)]
  ignore line: [	compiled by GNU C version 4.8.4  GMP version 6.0.0  MPFR version 3.1.3  MPC version 1.0.3]
  ignore line: [GGC heuristics: --param ggc-min-expand=100 --param ggc-min-heapsize=131072]
  ignore line: [Compiler executable checksum: d101cab20aca7529df8b52219307d613]
  ignore line: [COLLECT_GCC_OPTIONS='-v' '-o' 'CMakeFiles/cmTC_4d2a1.dir/CMakeCCompilerABI.c.o' '-c' '-march=armv7-a' '-mtune=cortex-a9' '-mfloat-abi=soft' '-mthumb' '-mtls-dialect=gnu']
  ignore line: [ /usr/local/arm-linux/bin/../lib/gcc/arm-linux-gnueabi/5.5.0/../../../../arm-linux-gnueabi/bin/as -v -march=armv7-a -mfloat-abi=soft -meabi=5 -o CMakeFiles/cmTC_4d2a1.dir/CMakeCCompilerABI.c.o /tmp/cc4fMmlM.s]
  ignore line: [GNU assembler version 2.25.2 (arm-linux-gnueabi) using BFD version (Linaro_Binutils-2017.10) 2.25.2 Linaro 2016_02]
  ignore line: [COMPILER_PATH=/usr/local/arm-linux/bin/../libexec/gcc/arm-linux-gnueabi/5.5.0/:/usr/local/arm-linux/bin/../libexec/gcc/arm-linux-gnueabi/:/usr/local/arm-linux/bin/../libexec/gcc/:/usr/local/arm-linux/bin/../lib/gcc/arm-linux-gnueabi/5.5.0/../../../../arm-linux-gnueabi/bin/]
  ignore line: [LIBRARY_PATH=/usr/local/arm-linux/bin/../lib/gcc/arm-linux-gnueabi/5.5.0/:/usr/local/arm-linux/bin/../lib/gcc/arm-linux-gnueabi/:/usr/local/arm-linux/bin/../lib/gcc/:/usr/local/arm-linux/bin/../lib/gcc/arm-linux-gnueabi/5.5.0/../../../../arm-linux-gnueabi/lib/:/usr/local/arm-linux/bin/../arm-linux-gnueabi/libc/lib/:/usr/local/arm-linux/bin/../arm-linux-gnueabi/libc/usr/lib/]
  ignore line: [COLLECT_GCC_OPTIONS='-v' '-o' 'CMakeFiles/cmTC_4d2a1.dir/CMakeCCompilerABI.c.o' '-c' '-march=armv7-a' '-mtune=cortex-a9' '-mfloat-abi=soft' '-mthumb' '-mtls-dialect=gnu']
  ignore line: [Linking C executable cmTC_4d2a1]
  ignore line: [/usr/bin/cmake -E cmake_link_script CMakeFiles/cmTC_4d2a1.dir/link.txt --verbose=1]
  ignore line: [/usr/local/arm-linux/bin//arm-linux-gcc  -v CMakeFiles/cmTC_4d2a1.dir/CMakeCCompilerABI.c.o -o cmTC_4d2a1 ]
  ignore line: [Using built-in specs.]
  ignore line: [COLLECT_GCC=/usr/local/arm-linux/bin//arm-linux-gcc]
  ignore line: [COLLECT_LTO_WRAPPER=/usr/local/arm-linux/bin/../libexec/gcc/arm-linux-gnueabi/5.5.0/lto-wrapper]
  ignore line: [Target: arm-linux-gnueabi]
  ignore line: [Configured with: '/home/tcwg-buildslave/workspace/tcwg-make-release/builder_arch/amd64/label/tcwg-x86_64-build/target/arm-linux-gnueabi/snapshots/gcc.git~linaro-5.5-2017.10/configure' SHELL=/bin/bash --with-mpc=/home/tcwg-buildslave/workspace/tcwg-make-release/builder_arch/amd64/label/tcwg-x86_64-build/target/arm-linux-gnueabi/_build/builds/destdir/x86_64-unknown-linux-gnu --with-mpfr=/home/tcwg-buildslave/workspace/tcwg-make-release/builder_arch/amd64/label/tcwg-x86_64-build/target/arm-linux-gnueabi/_build/builds/destdir/x86_64-unknown-linux-gnu --with-gmp=/home/tcwg-buildslave/workspace/tcwg-make-release/builder_arch/amd64/label/tcwg-x86_64-build/target/arm-linux-gnueabi/_build/builds/destdir/x86_64-unknown-linux-gnu --with-gnu-as --with-gnu-ld --disable-libmudflap --enable-lto --enable-shared --without-included-gettext --enable-nls --disable-sjlj-exceptions --enable-gnu-unique-object --enable-linker-build-id --disable-libstdcxx-pch --enable-c99 --enable-clocale=gnu --enable-libstdcxx-debug --enable-long-long --with-cloog=no --with-ppl=no --with-isl=no --disable-multilib --with-float=soft --with-mode=thumb --with-tune=cortex-a9 --with-arch=armv7-a --enable-threads=posix --enable-multiarch --enable-libstdcxx-time=yes --with-build-sysroot=/home/tcwg-buildslave/workspace/tcwg-make-release/builder_arch/amd64/label/tcwg-x86_64-build/target/arm-linux-gnueabi/_build/sysroots/arm-linux-gnueabi --with-sysroot=/home/tcwg-buildslave/workspace/tcwg-make-release/builder_arch/amd64/label/tcwg-x86_64-build/target/arm-linux-gnueabi/_build/builds/destdir/x86_64-unknown-linux-gnu/arm-linux-gnueabi/libc --enable-checking=release --disable-bootstrap --enable-languages=c,c++,fortran,lto --build=x86_64-unknown-linux-gnu --host=x86_64-unknown-linux-gnu --target=arm-linux-gnueabi --prefix=/home/tcwg-buildslave/workspace/tcwg-make-release/builder_arch/amd64/label/tcwg-x86_64-build/target/arm-linux-gnueabi/_build/builds/destdir/x86_64-unknown-linux-gnu]
  ignore line: [Thread model: posix]
  ignore line: [gcc version 5.5.0 (Linaro GCC 5.5-2017.10) ]
  ignore line: [COMPILER_PATH=/usr/local/arm-linux/bin/../libexec/gcc/arm-linux-gnueabi/5.5.0/:/usr/local/arm-linux/bin/../libexec/gcc/arm-linux-gnueabi/:/usr/local/arm-linux/bin/../libexec/gcc/:/usr/local/arm-linux/bin/../lib/gcc/arm-linux-gnueabi/5.5.0/../../../../arm-linux-gnueabi/bin/]
  ignore line: [LIBRARY_PATH=/usr/local/arm-linux/bin/../lib/gcc/arm-linux-gnueabi/5.5.0/:/usr/local/arm-linux/bin/../lib/gcc/arm-linux-gnueabi/:/usr/local/arm-linux/bin/../lib/gcc/:/usr/local/arm-linux/bin/../lib/gcc/arm-linux-gnueabi/5.5.0/../../../../arm-linux-gnueabi/lib/:/usr/local/arm-linux/bin/../arm-linux-gnueabi/libc/lib/:/usr/local/arm-linux/bin/../arm-linux-gnueabi/libc/usr/lib/]
  ignore line: [COLLECT_GCC_OPTIONS='-v' '-o' 'cmTC_4d2a1' '-march=armv7-a' '-mtune=cortex-a9' '-mfloat-abi=soft' '-mthumb' '-mtls-dialect=gnu']
  link line: [ /usr/local/arm-linux/bin/../libexec/gcc/arm-linux-gnueabi/5.5.0/collect2 -plugin /usr/local/arm-linux/bin/../libexec/gcc/arm-linux-gnueabi/5.5.0/liblto_plugin.so -plugin-opt=/usr/local/arm-linux/bin/../libexec/gcc/arm-linux-gnueabi/5.5.0/lto-wrapper -plugin-opt=-fresolution=/tmp/ccjkFG2i.res -plugin-opt=-pass-through=-lgcc -plugin-opt=-pass-through=-lgcc_s -plugin-opt=-pass-through=-lc -plugin-opt=-pass-through=-lgcc -plugin-opt=-pass-through=-lgcc_s --sysroot=/usr/local/arm-linux/bin/../arm-linux-gnueabi/libc --build-id --eh-frame-hdr -dynamic-linker /lib/ld-linux.so.3 -X -m armelf_linux_eabi -o cmTC_4d2a1 /usr/local/arm-linux/bin/../arm-linux-gnueabi/libc/usr/lib/crt1.o /usr/local/arm-linux/bin/../arm-linux-gnueabi/libc/usr/lib/crti.o /usr/local/arm-linux/bin/../lib/gcc/arm-linux-gnueabi/5.5.0/crtbegin.o -L/usr/local/arm-linux/bin/../lib/gcc/arm-linux-gnueabi/5.5.0 -L/usr/local/arm-linux/bin/../lib/gcc/arm-linux-gnueabi -L/usr/local/arm-linux/bin/../lib/gcc -L/usr/local/arm-linux/bin/../lib/gcc/arm-linux-gnueabi/5.5.0/../../../../arm-linux-gnueabi/lib -L/usr/local/arm-linux/bin/../arm-linux-gnueabi/libc/lib -L/usr/local/arm-linux/bin/../arm-linux-gnueabi/libc/usr/lib CMakeFiles/cmTC_4d2a1.dir/CMakeCCompilerABI.c.o -lgcc --as-needed -lgcc_s --no-as-needed -lc -lgcc --as-needed -lgcc_s --no-as-needed /usr/local/arm-linux/bin/../lib/gcc/arm-linux-gnueabi/5.5.0/crtend.o /usr/local/arm-linux/bin/../arm-linux-gnueabi/libc/usr/lib/crtn.o]
    arg [/usr/local/arm-linux/bin/../libexec/gcc/arm-linux-gnueabi/5.5.0/collect2] ==> ignore
    arg [-plugin] ==> ignore
    arg [/usr/local/arm-linux/bin/../libexec/gcc/arm-linux-gnueabi/5.5.0/liblto_plugin.so] ==> ignore
    arg [-plugin-opt=/usr/local/arm-linux/bin/../libexec/gcc/arm-linux-gnueabi/5.5.0/lto-wrapper] ==> ignore
    arg [-plugin-opt=-fresolution=/tmp/ccjkFG2i.res] ==> ignore
    arg [-plugin-opt=-pass-through=-lgcc] ==> ignore
    arg [-plugin-opt=-pass-through=-lgcc_s] ==> ignore
    arg [-plugin-opt=-pass-through=-lc] ==> ignore
    arg [-plugin-opt=-pass-through=-lgcc] ==> ignore
    arg [-plugin-opt=-pass-through=-lgcc_s] ==> ignore
    arg [--sysroot=/usr/local/arm-linux/bin/../arm-linux-gnueabi/libc] ==> ignore
    arg [--build-id] ==> ignore
    arg [--eh-frame-hdr] ==> ignore
    arg [-dynamic-linker] ==> ignore
    arg [/lib/ld-linux.so.3] ==> ignore
    arg [-X] ==> ignore
    arg [-m] ==> ignore
    arg [armelf_linux_eabi] ==> ignore
    arg [-o] ==> ignore
    arg [cmTC_4d2a1] ==> ignore
    arg [/usr/local/arm-linux/bin/../arm-linux-gnueabi/libc/usr/lib/crt1.o] ==> obj [/usr/local/arm-linux/bin/../arm-linux-gnueabi/libc/usr/lib/crt1.o]
    arg [/usr/local/arm-linux/bin/../arm-linux-gnueabi/libc/usr/lib/crti.o] ==> obj [/usr/local/arm-linux/bin/../arm-linux-gnueabi/libc/usr/lib/crti.o]
    arg [/usr/local/arm-linux/bin/../lib/gcc/arm-linux-gnueabi/5.5.0/crtbegin.o] ==> obj [/usr/local/arm-linux/bin/../lib/gcc/arm-linux-gnueabi/5.5.0/crtbegin.o]
    arg [-L/usr/local/arm-linux/bin/../lib/gcc/arm-linux-gnueabi/5.5.0] ==> dir [/usr/local/arm-linux/bin/../lib/gcc/arm-linux-gnueabi/5.5.0]
    arg [-L/usr/local/arm-linux/bin/../lib/gcc/arm-linux-gnueabi] ==> dir [/usr/local/arm-linux/bin/../lib/gcc/arm-linux-gnueabi]
    arg [-L/usr/local/arm-linux/bin/../lib/gcc] ==> dir [/usr/local/arm-linux/bin/../lib/gcc]
    arg [-L/usr/local/arm-linux/bin/../lib/gcc/arm-linux-gnueabi/5.5.0/../../../../arm-linux-gnueabi/lib] ==> dir [/usr/local/arm-linux/bin/../lib/gcc/arm-linux-gnueabi/5.5.0/../../../../arm-linux-gnueabi/lib]
    arg [-L/usr/local/arm-linux/bin/../arm-linux-gnueabi/libc/lib] ==> dir [/usr/local/arm-linux/bin/../arm-linux-gnueabi/libc/lib]
    arg [-L/usr/local/arm-linux/bin/../arm-linux-gnueabi/libc/usr/lib] ==> dir [/usr/local/arm-linux/bin/../arm-linux-gnueabi/libc/usr/lib]
    arg [CMakeFiles/cmTC_4d2a1.dir/CMakeCCompilerABI.c.o] ==> ignore
    arg [-lgcc] ==> lib [gcc]
    arg [--as-needed] ==> ignore
    arg [-lgcc_s] ==> lib [gcc_s]
    arg [--no-as-needed] ==> ignore
    arg [-lc] ==> lib [c]
    arg [-lgcc] ==> lib [gcc]
    arg [--as-needed] ==> ignore
    arg [-lgcc_s] ==> lib [gcc_s]
    arg [--no-as-needed] ==> ignore
    arg [/usr/local/arm-linux/bin/../lib/gcc/arm-linux-gnueabi/5.5.0/crtend.o] ==> obj [/usr/local/arm-linux/bin/../lib/gcc/arm-linux-gnueabi/5.5.0/crtend.o]
    arg [/usr/local/arm-linux/bin/../arm-linux-gnueabi/libc/usr/lib/crtn.o] ==> obj [/usr/local/arm-linux/bin/../arm-linux-gnueabi/libc/usr/lib/crtn.o]
  collapse obj [/usr/local/arm-linux/bin/../arm-linux-gnueabi/libc/usr/lib/crt1.o] ==> [/usr/local/arm-linux/arm-linux-gnueabi/libc/usr/lib/crt1.o]
  collapse obj [/usr/local/arm-linux/bin/../arm-linux-gnueabi/libc/usr/lib/crti.o] ==> [/usr/local/arm-linux/arm-linux-gnueabi/libc/usr/lib/crti.o]
  collapse obj [/usr/local/arm-linux/bin/../lib/gcc/arm-linux-gnueabi/5.5.0/crtbegin.o] ==> [/usr/local/arm-linux/lib/gcc/arm-linux-gnueabi/5.5.0/crtbegin.o]
  collapse obj [/usr/local/arm-linux/bin/../lib/gcc/arm-linux-gnueabi/5.5.0/crtend.o] ==> [/usr/local/arm-linux/lib/gcc/arm-linux-gnueabi/5.5.0/crtend.o]
  collapse obj [/usr/local/arm-linux/bin/../arm-linux-gnueabi/libc/usr/lib/crtn.o] ==> [/usr/local/arm-linux/arm-linux-gnueabi/libc/usr/lib/crtn.o]
  collapse library dir [/usr/local/arm-linux/bin/../lib/gcc/arm-linux-gnueabi/5.5.0] ==> [/usr/local/arm-linux/lib/gcc/arm-linux-gnueabi/5.5.0]
  collapse library dir [/usr/local/arm-linux/bin/../lib/gcc/arm-linux-gnueabi] ==> [/usr/local/arm-linux/lib/gcc/arm-linux-gnueabi]
  collapse library dir [/usr/local/arm-linux/bin/../lib/gcc] ==> [/usr/local/arm-linux/lib/gcc]
  collapse library dir [/usr/local/arm-linux/bin/../lib/gcc/arm-linux-gnueabi/5.5.0/../../../../arm-linux-gnueabi/lib] ==> [/usr/local/arm-linux/arm-linux-gnueabi/lib]
  collapse library dir [/usr/local/arm-linux/bin/../arm-linux-gnueabi/libc/lib] ==> [/usr/local/arm-linux/arm-linux-gnueabi/libc/lib]
  collapse library dir [/usr/local/arm-linux/bin/../arm-linux-gnueabi/libc/usr/lib] ==> [/usr/local/arm-linux/arm-linux-gnueabi/libc/usr/lib]
  implicit libs: [gcc;gcc_s;c;gcc;gcc_s]
  implicit objs: [/usr/local/arm-linux/arm-linux-gnueabi/libc/usr/lib/crt1.o;/usr/local/arm-linux/arm-linux-gnueabi/libc/usr/lib/crti.o;/usr/local/arm-linux/lib/gcc/arm-linux-gnueabi/5.5.0/crtbegin.o;/usr/local/arm-linux/lib/gcc/arm-linux-gnueabi/5.5.0/crtend.o;/usr/local/arm-linux/arm-linux-gnueabi/libc/usr/lib/crtn.o]
  implicit dirs: [/usr/local/arm-linux/lib/gcc/arm-linux-gnueabi/5.5.0;/usr/local/arm-linux/lib/gcc/arm-linux-gnueabi;/usr/local/arm-linux/lib/gcc;/usr/local/arm-linux/arm-linux-gnueabi/lib;/usr/local/arm-linux/arm-linux-gnueabi/libc/lib;/usr/local/arm-linux/arm-linux-gnueabi/libc/usr/lib]
  implicit fwks: []


Detecting CXX compiler ABI info compiled with the following output:
Change Dir: /home/victor/0-project1/build/CMakeFiles/CMakeTmp

Run Build Command(s):/usr/bin/gmake -f Makefile cmTC_45913/fast && gmake: Warning: File 'Makefile' has modification time 1.2 s in the future
/usr/bin/gmake  -f CMakeFiles/cmTC_45913.dir/build.make CMakeFiles/cmTC_45913.dir/build
gmake[1]: Entering directory '/mnt/d/0-project1/build/CMakeFiles/CMakeTmp'
gmake[1]: Warning: File 'CMakeFiles/cmTC_45913.dir/flags.make' has modification time 1.2 s in the future
Building CXX object CMakeFiles/cmTC_45913.dir/CMakeCXXCompilerABI.cpp.o
/usr/local/arm-linux/bin//arm-linux-g++   -v -o CMakeFiles/cmTC_45913.dir/CMakeCXXCompilerABI.cpp.o -c /usr/share/cmake-3.22/Modules/CMakeCXXCompilerABI.cpp
Using built-in specs.
COLLECT_GCC=/usr/local/arm-linux/bin//arm-linux-g++
Target: arm-linux-gnueabi
Configured with: '/home/tcwg-buildslave/workspace/tcwg-make-release/builder_arch/amd64/label/tcwg-x86_64-build/target/arm-linux-gnueabi/snapshots/gcc.git~linaro-5.5-2017.10/configure' SHELL=/bin/bash --with-mpc=/home/tcwg-buildslave/workspace/tcwg-make-release/builder_arch/amd64/label/tcwg-x86_64-build/target/arm-linux-gnueabi/_build/builds/destdir/x86_64-unknown-linux-gnu --with-mpfr=/home/tcwg-buildslave/workspace/tcwg-make-release/builder_arch/amd64/label/tcwg-x86_64-build/target/arm-linux-gnueabi/_build/builds/destdir/x86_64-unknown-linux-gnu --with-gmp=/home/tcwg-buildslave/workspace/tcwg-make-release/builder_arch/amd64/label/tcwg-x86_64-build/target/arm-linux-gnueabi/_build/builds/destdir/x86_64-unknown-linux-gnu --with-gnu-as --with-gnu-ld --disable-libmudflap --enable-lto --enable-shared --without-included-gettext --enable-nls --disable-sjlj-exceptions --enable-gnu-unique-object --enable-linker-build-id --disable-libstdcxx-pch --enable-c99 --enable-clocale=gnu --enable-libstdcxx-debug --enable-long-long --with-cloog=no --with-ppl=no --with-isl=no --disable-multilib --with-float=soft --with-mode=thumb --with-tune=cortex-a9 --with-arch=armv7-a --enable-threads=posix --enable-multiarch --enable-libstdcxx-time=yes --with-build-sysroot=/home/tcwg-buildslave/workspace/tcwg-make-release/builder_arch/amd64/label/tcwg-x86_64-build/target/arm-linux-gnueabi/_build/sysroots/arm-linux-gnueabi --with-sysroot=/home/tcwg-buildslave/workspace/tcwg-make-release/builder_arch/amd64/label/tcwg-x86_64-build/target/arm-linux-gnueabi/_build/builds/destdir/x86_64-unknown-linux-gnu/arm-linux-gnueabi/libc --enable-checking=release --disable-bootstrap --enable-languages=c,c++,fortran,lto --build=x86_64-unknown-linux-gnu --host=x86_64-unknown-linux-gnu --target=arm-linux-gnueabi --prefix=/home/tcwg-buildslave/workspace/tcwg-make-release/builder_arch/amd64/label/tcwg-x86_64-build/target/arm-linux-gnueabi/_build/builds/destdir/x86_64-unknown-linux-gnu
Thread model: posix
gcc version 5.5.0 (Linaro GCC 5.5-2017.10) 
COLLECT_GCC_OPTIONS='-v' '-o' 'CMakeFiles/cmTC_45913.dir/CMakeCXXCompilerABI.cpp.o' '-c' '-shared-libgcc' '-march=armv7-a' '-mtune=cortex-a9' '-mfloat-abi=soft' '-mthumb' '-mtls-dialect=gnu'
 /usr/local/arm-linux/bin/../libexec/gcc/arm-linux-gnueabi/5.5.0/cc1plus -quiet -v -imultilib . -imultiarch arm-linux-gnueabi -iprefix /usr/local/arm-linux/bin/../lib/gcc/arm-linux-gnueabi/5.5.0/ -isysroot /usr/local/arm-linux/bin/../arm-linux-gnueabi/libc -D_GNU_SOURCE /usr/share/cmake-3.22/Modules/CMakeCXXCompilerABI.cpp -quiet -dumpbase CMakeCXXCompilerABI.cpp -march=armv7-a -mtune=cortex-a9 -mfloat-abi=soft -mthumb -mtls-dialect=gnu -auxbase-strip CMakeFiles/cmTC_45913.dir/CMakeCXXCompilerABI.cpp.o -version -o /tmp/cc11DoXt.s
GNU C++ (Linaro GCC 5.5-2017.10) version 5.5.0 (arm-linux-gnueabi)
	compiled by GNU C version 4.8.4, GMP version 6.0.0, MPFR version 3.1.3, MPC version 1.0.3
GGC heuristics: --param ggc-min-expand=100 --param ggc-min-heapsize=131072
ignoring duplicate directory "/usr/local/arm-linux/bin/../lib/gcc/../../lib/gcc/arm-linux-gnueabi/5.5.0/../../../../arm-linux-gnueabi/include/c++/5.5.0"
ignoring duplicate directory "/usr/local/arm-linux/bin/../lib/gcc/../../lib/gcc/arm-linux-gnueabi/5.5.0/../../../../arm-linux-gnueabi/include/c++/5.5.0/arm-linux-gnueabi/."
ignoring duplicate directory "/usr/local/arm-linux/bin/../lib/gcc/../../lib/gcc/arm-linux-gnueabi/5.5.0/../../../../arm-linux-gnueabi/include/c++/5.5.0/backward"
ignoring duplicate directory "/usr/local/arm-linux/bin/../lib/gcc/../../lib/gcc/arm-linux-gnueabi/5.5.0/include"
ignoring nonexistent directory "/usr/local/arm-linux/bin/../arm-linux-gnueabi/libc/usr/local/include/arm-linux-gnueabi"
ignoring nonexistent directory "/usr/local/arm-linux/bin/../arm-linux-gnueabi/libc/usr/local/include"
ignoring duplicate directory "/usr/local/arm-linux/bin/../lib/gcc/../../lib/gcc/arm-linux-gnueabi/5.5.0/include-fixed"
ignoring duplicate directory "/usr/local/arm-linux/bin/../lib/gcc/../../lib/gcc/arm-linux-gnueabi/5.5.0/../../../../arm-linux-gnueabi/include"
ignoring nonexistent directory "/usr/local/arm-linux/bin/../arm-linux-gnueabi/libc/usr/include/arm-linux-gnueabi"
#include "..." search starts here:
#include <...> search starts here:
 /usr/local/arm-linux/bin/../lib/gcc/arm-linux-gnueabi/5.5.0/../../../../arm-linux-gnueabi/include/c++/5.5.0
 /usr/local/arm-linux/bin/../lib/gcc/arm-linux-gnueabi/5.5.0/../../../../arm-linux-gnueabi/include/c++/5.5.0/arm-linux-gnueabi/.
 /usr/local/arm-linux/bin/../lib/gcc/arm-linux-gnueabi/5.5.0/../../../../arm-linux-gnueabi/include/c++/5.5.0/backward
 /usr/local/arm-linux/bin/../lib/gcc/arm-linux-gnueabi/5.5.0/include
 /usr/local/arm-linux/bin/../lib/gcc/arm-linux-gnueabi/5.5.0/include-fixed
 /usr/local/arm-linux/bin/../lib/gcc/arm-linux-gnueabi/5.5.0/../../../../arm-linux-gnueabi/include
 /usr/local/arm-linux/bin/../arm-linux-gnueabi/libc/usr/include
End of search list.
GNU C++ (Linaro GCC 5.5-2017.10) version 5.5.0 (arm-linux-gnueabi)
	compiled by GNU C version 4.8.4, GMP version 6.0.0, MPFR version 3.1.3, MPC version 1.0.3
GGC heuristics: --param ggc-min-expand=100 --param ggc-min-heapsize=131072
Compiler executable checksum: ab35f8a98ee5ebff9dac5d226b0f53d8
COLLECT_GCC_OPTIONS='-v' '-o' 'CMakeFiles/cmTC_45913.dir/CMakeCXXCompilerABI.cpp.o' '-c' '-shared-libgcc' '-march=armv7-a' '-mtune=cortex-a9' '-mfloat-abi=soft' '-mthumb' '-mtls-dialect=gnu'
 /usr/local/arm-linux/bin/../lib/gcc/arm-linux-gnueabi/5.5.0/../../../../arm-linux-gnueabi/bin/as -v -march=armv7-a -mfloat-abi=soft -meabi=5 -o CMakeFiles/cmTC_45913.dir/CMakeCXXCompilerABI.cpp.o /tmp/cc11DoXt.s
GNU assembler version 2.25.2 (arm-linux-gnueabi) using BFD version (Linaro_Binutils-2017.10) 2.25.2 Linaro 2016_02
COMPILER_PATH=/usr/local/arm-linux/bin/../libexec/gcc/arm-linux-gnueabi/5.5.0/:/usr/local/arm-linux/bin/../libexec/gcc/arm-linux-gnueabi/:/usr/local/arm-linux/bin/../libexec/gcc/:/usr/local/arm-linux/bin/../lib/gcc/arm-linux-gnueabi/5.5.0/../../../../arm-linux-gnueabi/bin/
LIBRARY_PATH=/usr/local/arm-linux/bin/../lib/gcc/arm-linux-gnueabi/5.5.0/:/usr/local/arm-linux/bin/../lib/gcc/arm-linux-gnueabi/:/usr/local/arm-linux/bin/../lib/gcc/:/usr/local/arm-linux/bin/../lib/gcc/arm-linux-gnueabi/5.5.0/../../../../arm-linux-gnueabi/lib/:/usr/local/arm-linux/bin/../arm-linux-gnueabi/libc/lib/:/usr/local/arm-linux/bin/../arm-linux-gnueabi/libc/usr/lib/
COLLECT_GCC_OPTIONS='-v' '-o' 'CMakeFiles/cmTC_45913.dir/CMakeCXXCompilerABI.cpp.o' '-c' '-shared-libgcc' '-march=armv7-a' '-mtune=cortex-a9' '-mfloat-abi=soft' '-mthumb' '-mtls-dialect=gnu'
Linking CXX executable cmTC_45913
/usr/bin/cmake -E cmake_link_script CMakeFiles/cmTC_45913.dir/link.txt --verbose=1
/usr/local/arm-linux/bin//arm-linux-g++  -v CMakeFiles/cmTC_45913.dir/CMakeCXXCompilerABI.cpp.o -o cmTC_45913 
Using built-in specs.
COLLECT_GCC=/usr/local/arm-linux/bin//arm-linux-g++
COLLECT_LTO_WRAPPER=/usr/local/arm-linux/bin/../libexec/gcc/arm-linux-gnueabi/5.5.0/lto-wrapper
Target: arm-linux-gnueabi
Configured with: '/home/tcwg-buildslave/workspace/tcwg-make-release/builder_arch/amd64/label/tcwg-x86_64-build/target/arm-linux-gnueabi/snapshots/gcc.git~linaro-5.5-2017.10/configure' SHELL=/bin/bash --with-mpc=/home/tcwg-buildslave/workspace/tcwg-make-release/builder_arch/amd64/label/tcwg-x86_64-build/target/arm-linux-gnueabi/_build/builds/destdir/x86_64-unknown-linux-gnu --with-mpfr=/home/tcwg-buildslave/workspace/tcwg-make-release/builder_arch/amd64/label/tcwg-x86_64-build/target/arm-linux-gnueabi/_build/builds/destdir/x86_64-unknown-linux-gnu --with-gmp=/home/tcwg-buildslave/workspace/tcwg-make-release/builder_arch/amd64/label/tcwg-x86_64-build/target/arm-linux-gnueabi/_build/builds/destdir/x86_64-unknown-linux-gnu --with-gnu-as --with-gnu-ld --disable-libmudflap --enable-lto --enable-shared --without-included-gettext --enable-nls --disable-sjlj-exceptions --enable-gnu-unique-object --enable-linker-build-id --disable-libstdcxx-pch --enable-c99 --enable-clocale=gnu --enable-libstdcxx-debug --enable-long-long --with-cloog=no --with-ppl=no --with-isl=no --disable-multilib --with-float=soft --with-mode=thumb --with-tune=cortex-a9 --with-arch=armv7-a --enable-threads=posix --enable-multiarch --enable-libstdcxx-time=yes --with-build-sysroot=/home/tcwg-buildslave/workspace/tcwg-make-release/builder_arch/amd64/label/tcwg-x86_64-build/target/arm-linux-gnueabi/_build/sysroots/arm-linux-gnueabi --with-sysroot=/home/tcwg-buildslave/workspace/tcwg-make-release/builder_arch/amd64/label/tcwg-x86_64-build/target/arm-linux-gnueabi/_build/builds/destdir/x86_64-unknown-linux-gnu/arm-linux-gnueabi/libc --enable-checking=release --disable-bootstrap --enable-languages=c,c++,fortran,lto --build=x86_64-unknown-linux-gnu --host=x86_64-unknown-linux-gnu --target=arm-linux-gnueabi --prefix=/home/tcwg-buildslave/workspace/tcwg-make-release/builder_arch/amd64/label/tcwg-x86_64-build/target/arm-linux-gnueabi/_build/builds/destdir/x86_64-unknown-linux-gnu
Thread model: posix
gcc version 5.5.0 (Linaro GCC 5.5-2017.10) 
COMPILER_PATH=/usr/local/arm-linux/bin/../libexec/gcc/arm-linux-gnueabi/5.5.0/:/usr/local/arm-linux/bin/../libexec/gcc/arm-linux-gnueabi/:/usr/local/arm-linux/bin/../libexec/gcc/:/usr/local/arm-linux/bin/../lib/gcc/arm-linux-gnueabi/5.5.0/../../../../arm-linux-gnueabi/bin/
LIBRARY_PATH=/usr/local/arm-linux/bin/../lib/gcc/arm-linux-gnueabi/5.5.0/:/usr/local/arm-linux/bin/../lib/gcc/arm-linux-gnueabi/:/usr/local/arm-linux/bin/../lib/gcc/:/usr/local/arm-linux/bin/../lib/gcc/arm-linux-gnueabi/5.5.0/../../../../arm-linux-gnueabi/lib/:/usr/local/arm-linux/bin/../arm-linux-gnueabi/libc/lib/:/usr/local/arm-linux/bin/../arm-linux-gnueabi/libc/usr/lib/
COLLECT_GCC_OPTIONS='-v' '-o' 'cmTC_45913' '-shared-libgcc' '-march=armv7-a' '-mtune=cortex-a9' '-mfloat-abi=soft' '-mthumb' '-mtls-dialect=gnu'
 /usr/local/arm-linux/bin/../libexec/gcc/arm-linux-gnueabi/5.5.0/collect2 -plugin /usr/local/arm-linux/bin/../libexec/gcc/arm-linux-gnueabi/5.5.0/liblto_plugin.so -plugin-opt=/usr/local/arm-linux/bin/../libexec/gcc/arm-linux-gnueabi/5.5.0/lto-wrapper -plugin-opt=-fresolution=/tmp/ccAq3X8v.res -plugin-opt=-pass-through=-lgcc_s -plugin-opt=-pass-through=-lgcc -plugin-opt=-pass-through=-lc -plugin-opt=-pass-through=-lgcc_s -plugin-opt=-pass-through=-lgcc --sysroot=/usr/local/arm-linux/bin/../arm-linux-gnueabi/libc --build-id --eh-frame-hdr -dynamic-linker /lib/ld-linux.so.3 -X -m armelf_linux_eabi -o cmTC_45913 /usr/local/arm-linux/bin/../arm-linux-gnueabi/libc/usr/lib/crt1.o /usr/local/arm-linux/bin/../arm-linux-gnueabi/libc/usr/lib/crti.o /usr/local/arm-linux/bin/../lib/gcc/arm-linux-gnueabi/5.5.0/crtbegin.o -L/usr/local/arm-linux/bin/../lib/gcc/arm-linux-gnueabi/5.5.0 -L/usr/local/arm-linux/bin/../lib/gcc/arm-linux-gnueabi -L/usr/local/arm-linux/bin/../lib/gcc -L/usr/local/arm-linux/bin/../lib/gcc/arm-linux-gnueabi/5.5.0/../../../../arm-linux-gnueabi/lib -L/usr/local/arm-linux/bin/../arm-linux-gnueabi/libc/lib -L/usr/local/arm-linux/bin/../arm-linux-gnueabi/libc/usr/lib CMakeFiles/cmTC_45913.dir/CMakeCXXCompilerABI.cpp.o -lstdc++ -lm -lgcc_s -lgcc -lc -lgcc_s -lgcc /usr/local/arm-linux/bin/../lib/gcc/arm-linux-gnueabi/5.5.0/crtend.o /usr/local/arm-linux/bin/../arm-linux-gnueabi/libc/usr/lib/crtn.o
gmake[1]: warning:  Clock skew detected.  Your build may be incomplete.
gmake[1]: Leaving directory '/mnt/d/0-project1/build/CMakeFiles/CMakeTmp'
gmake: warning:  Clock skew detected.  Your build may be incomplete.



Parsed CXX implicit include dir info from above output: rv=done
  found start of include info
  found start of implicit include info
    add: [/usr/local/arm-linux/bin/../lib/gcc/arm-linux-gnueabi/5.5.0/../../../../arm-linux-gnueabi/include/c++/5.5.0]
    add: [/usr/local/arm-linux/bin/../lib/gcc/arm-linux-gnueabi/5.5.0/../../../../arm-linux-gnueabi/include/c++/5.5.0/arm-linux-gnueabi/.]
    add: [/usr/local/arm-linux/bin/../lib/gcc/arm-linux-gnueabi/5.5.0/../../../../arm-linux-gnueabi/include/c++/5.5.0/backward]
    add: [/usr/local/arm-linux/bin/../lib/gcc/arm-linux-gnueabi/5.5.0/include]
    add: [/usr/local/arm-linux/bin/../lib/gcc/arm-linux-gnueabi/5.5.0/include-fixed]
    add: [/usr/local/arm-linux/bin/../lib/gcc/arm-linux-gnueabi/5.5.0/../../../../arm-linux-gnueabi/include]
    add: [/usr/local/arm-linux/bin/../arm-linux-gnueabi/libc/usr/include]
  end of search list found
  collapse include dir [/usr/local/arm-linux/bin/../lib/gcc/arm-linux-gnueabi/5.5.0/../../../../arm-linux-gnueabi/include/c++/5.5.0] ==> [/usr/local/arm-linux/arm-linux-gnueabi/include/c++/5.5.0]
  collapse include dir [/usr/local/arm-linux/bin/../lib/gcc/arm-linux-gnueabi/5.5.0/../../../../arm-linux-gnueabi/include/c++/5.5.0/arm-linux-gnueabi/.] ==> [/usr/local/arm-linux/arm-linux-gnueabi/include/c++/5.5.0/arm-linux-gnueabi]
  collapse include dir [/usr/local/arm-linux/bin/../lib/gcc/arm-linux-gnueabi/5.5.0/../../../../arm-linux-gnueabi/include/c++/5.5.0/backward] ==> [/usr/local/arm-linux/arm-linux-gnueabi/include/c++/5.5.0/backward]
  collapse include dir [/usr/local/arm-linux/bin/../lib/gcc/arm-linux-gnueabi/5.5.0/include] ==> [/usr/local/arm-linux/lib/gcc/arm-linux-gnueabi/5.5.0/include]
  collapse include dir [/usr/local/arm-linux/bin/../lib/gcc/arm-linux-gnueabi/5.5.0/include-fixed] ==> [/usr/local/arm-linux/lib/gcc/arm-linux-gnueabi/5.5.0/include-fixed]
  collapse include dir [/usr/local/arm-linux/bin/../lib/gcc/arm-linux-gnueabi/5.5.0/../../../../arm-linux-gnueabi/include] ==> [/usr/local/arm-linux/arm-linux-gnueabi/include]
  collapse include dir [/usr/local/arm-linux/bin/../arm-linux-gnueabi/libc/usr/include] ==> [/usr/local/arm-linux/arm-linux-gnueabi/libc/usr/include]
  implicit include dirs: [/usr/local/arm-linux/arm-linux-gnueabi/include/c++/5.5.0;/usr/local/arm-linux/arm-linux-gnueabi/include/c++/5.5.0/arm-linux-gnueabi;/usr/local/arm-linux/arm-linux-gnueabi/include/c++/5.5.0/backward;/usr/local/arm-linux/lib/gcc/arm-linux-gnueabi/5.5.0/include;/usr/local/arm-linux/lib/gcc/arm-linux-gnueabi/5.5.0/include-fixed;/usr/local/arm-linux/arm-linux-gnueabi/include;/usr/local/arm-linux/arm-linux-gnueabi/libc/usr/include]


Parsed CXX implicit link information from above output:
  link line regex: [^( *|.*[/\])(arm-linux-ld|CMAKE_LINK_STARTFILE-NOTFOUND|([^/\]+-)?ld|collect2)[^/\]*( |$)]
  ignore line: [Change Dir: /home/victor/0-project1/build/CMakeFiles/CMakeTmp]
  ignore line: []
  ignore line: [Run Build Command(s):/usr/bin/gmake -f Makefile cmTC_45913/fast && gmake: Warning: File 'Makefile' has modification time 1.2 s in the future]
  ignore line: [/usr/bin/gmake  -f CMakeFiles/cmTC_45913.dir/build.make CMakeFiles/cmTC_45913.dir/build]
  ignore line: [gmake[1]: Entering directory '/mnt/d/0-project1/build/CMakeFiles/CMakeTmp']
  ignore line: [gmake[1]: Warning: File 'CMakeFiles/cmTC_45913.dir/flags.make' has modification time 1.2 s in the future]
  ignore line: [Building CXX object CMakeFiles/cmTC_45913.dir/CMakeCXXCompilerABI.cpp.o]
  ignore line: [/usr/local/arm-linux/bin//arm-linux-g++   -v -o CMakeFiles/cmTC_45913.dir/CMakeCXXCompilerABI.cpp.o -c /usr/share/cmake-3.22/Modules/CMakeCXXCompilerABI.cpp]
  ignore line: [Using built-in specs.]
  ignore line: [COLLECT_GCC=/usr/local/arm-linux/bin//arm-linux-g++]
  ignore line: [Target: arm-linux-gnueabi]
  ignore line: [Configured with: '/home/tcwg-buildslave/workspace/tcwg-make-release/builder_arch/amd64/label/tcwg-x86_64-build/target/arm-linux-gnueabi/snapshots/gcc.git~linaro-5.5-2017.10/configure' SHELL=/bin/bash --with-mpc=/home/tcwg-buildslave/workspace/tcwg-make-release/builder_arch/amd64/label/tcwg-x86_64-build/target/arm-linux-gnueabi/_build/builds/destdir/x86_64-unknown-linux-gnu --with-mpfr=/home/tcwg-buildslave/workspace/tcwg-make-release/builder_arch/amd64/label/tcwg-x86_64-build/target/arm-linux-gnueabi/_build/builds/destdir/x86_64-unknown-linux-gnu --with-gmp=/home/tcwg-buildslave/workspace/tcwg-make-release/builder_arch/amd64/label/tcwg-x86_64-build/target/arm-linux-gnueabi/_build/builds/destdir/x86_64-unknown-linux-gnu --with-gnu-as --with-gnu-ld --disable-libmudflap --enable-lto --enable-shared --without-included-gettext --enable-nls --disable-sjlj-exceptions --enable-gnu-unique-object --enable-linker-build-id --disable-libstdcxx-pch --enable-c99 --enable-clocale=gnu --enable-libstdcxx-debug --enable-long-long --with-cloog=no --with-ppl=no --with-isl=no --disable-multilib --with-float=soft --with-mode=thumb --with-tune=cortex-a9 --with-arch=armv7-a --enable-threads=posix --enable-multiarch --enable-libstdcxx-time=yes --with-build-sysroot=/home/tcwg-buildslave/workspace/tcwg-make-release/builder_arch/amd64/label/tcwg-x86_64-build/target/arm-linux-gnueabi/_build/sysroots/arm-linux-gnueabi --with-sysroot=/home/tcwg-buildslave/workspace/tcwg-make-release/builder_arch/amd64/label/tcwg-x86_64-build/target/arm-linux-gnueabi/_build/builds/destdir/x86_64-unknown-linux-gnu/arm-linux-gnueabi/libc --enable-checking=release --disable-bootstrap --enable-languages=c,c++,fortran,lto --build=x86_64-unknown-linux-gnu --host=x86_64-unknown-linux-gnu --target=arm-linux-gnueabi --prefix=/home/tcwg-buildslave/workspace/tcwg-make-release/builder_arch/amd64/label/tcwg-x86_64-build/target/arm-linux-gnueabi/_build/builds/destdir/x86_64-unknown-linux-gnu]
  ignore line: [Thread model: posix]
  ignore line: [gcc version 5.5.0 (Linaro GCC 5.5-2017.10) ]
  ignore line: [COLLECT_GCC_OPTIONS='-v' '-o' 'CMakeFiles/cmTC_45913.dir/CMakeCXXCompilerABI.cpp.o' '-c' '-shared-libgcc' '-march=armv7-a' '-mtune=cortex-a9' '-mfloat-abi=soft' '-mthumb' '-mtls-dialect=gnu']
  ignore line: [ /usr/local/arm-linux/bin/../libexec/gcc/arm-linux-gnueabi/5.5.0/cc1plus -quiet -v -imultilib . -imultiarch arm-linux-gnueabi -iprefix /usr/local/arm-linux/bin/../lib/gcc/arm-linux-gnueabi/5.5.0/ -isysroot /usr/local/arm-linux/bin/../arm-linux-gnueabi/libc -D_GNU_SOURCE /usr/share/cmake-3.22/Modules/CMakeCXXCompilerABI.cpp -quiet -dumpbase CMakeCXXCompilerABI.cpp -march=armv7-a -mtune=cortex-a9 -mfloat-abi=soft -mthumb -mtls-dialect=gnu -auxbase-strip CMakeFiles/cmTC_45913.dir/CMakeCXXCompilerABI.cpp.o -version -o /tmp/cc11DoXt.s]
  ignore line: [GNU C++ (Linaro GCC 5.5-2017.10) version 5.5.0 (arm-linux-gnueabi)]
  ignore line: [	compiled by GNU C version 4.8.4  GMP version 6.0.0  MPFR version 3.1.3  MPC version 1.0.3]
  ignore line: [GGC heuristics: --param ggc-min-expand=100 --param ggc-min-heapsize=131072]
  ignore line: [ignoring duplicate directory "/usr/local/arm-linux/bin/../lib/gcc/../../lib/gcc/arm-linux-gnueabi/5.5.0/../../../../arm-linux-gnueabi/include/c++/5.5.0"]
  ignore line: [ignoring duplicate directory "/usr/local/arm-linux/bin/../lib/gcc/../../lib/gcc/arm-linux-gnueabi/5.5.0/../../../../arm-linux-gnueabi/include/c++/5.5.0/arm-linux-gnueabi/."]
  ignore line: [ignoring duplicate directory "/usr/local/arm-linux/bin/../lib/gcc/../../lib/gcc/arm-linux-gnueabi/5.5.0/../../../../arm-linux-gnueabi/include/c++/5.5.0/backward"]
  ignore line: [ignoring duplicate directory "/usr/local/arm-linux/bin/../lib/gcc/../../lib/gcc/arm-linux-gnueabi/5.5.0/include"]
  ignore line: [ignoring nonexistent directory "/usr/local/arm-linux/bin/../arm-linux-gnueabi/libc/usr/local/include/arm-linux-gnueabi"]
  ignore line: [ignoring nonexistent directory "/usr/local/arm-linux/bin/../arm-linux-gnueabi/libc/usr/local/include"]
  ignore line: [ignoring duplicate directory "/usr/local/arm-linux/bin/../lib/gcc/../../lib/gcc/arm-linux-gnueabi/5.5.0/include-fixed"]
  ignore line: [ignoring duplicate directory "/usr/local/arm-linux/bin/../lib/gcc/../../lib/gcc/arm-linux-gnueabi/5.5.0/../../../../arm-linux-gnueabi/include"]
  ignore line: [ignoring nonexistent directory "/usr/local/arm-linux/bin/../arm-linux-gnueabi/libc/usr/include/arm-linux-gnueabi"]
  ignore line: [#include "..." search starts here:]
  ignore line: [#include <...> search starts here:]
  ignore line: [ /usr/local/arm-linux/bin/../lib/gcc/arm-linux-gnueabi/5.5.0/../../../../arm-linux-gnueabi/include/c++/5.5.0]
  ignore line: [ /usr/local/arm-linux/bin/../lib/gcc/arm-linux-gnueabi/5.5.0/../../../../arm-linux-gnueabi/include/c++/5.5.0/arm-linux-gnueabi/.]
  ignore line: [ /usr/local/arm-linux/bin/../lib/gcc/arm-linux-gnueabi/5.5.0/../../../../arm-linux-gnueabi/include/c++/5.5.0/backward]
  ignore line: [ /usr/local/arm-linux/bin/../lib/gcc/arm-linux-gnueabi/5.5.0/include]
  ignore line: [ /usr/local/arm-linux/bin/../lib/gcc/arm-linux-gnueabi/5.5.0/include-fixed]
  ignore line: [ /usr/local/arm-linux/bin/../lib/gcc/arm-linux-gnueabi/5.5.0/../../../../arm-linux-gnueabi/include]
  ignore line: [ /usr/local/arm-linux/bin/../arm-linux-gnueabi/libc/usr/include]
  ignore line: [End of search list.]
  ignore line: [GNU C++ (Linaro GCC 5.5-2017.10) version 5.5.0 (arm-linux-gnueabi)]
  ignore line: [	compiled by GNU C version 4.8.4  GMP version 6.0.0  MPFR version 3.1.3  MPC version 1.0.3]
  ignore line: [GGC heuristics: --param ggc-min-expand=100 --param ggc-min-heapsize=131072]
  ignore line: [Compiler executable checksum: ab35f8a98ee5ebff9dac5d226b0f53d8]
  ignore line: [COLLECT_GCC_OPTIONS='-v' '-o' 'CMakeFiles/cmTC_45913.dir/CMakeCXXCompilerABI.cpp.o' '-c' '-shared-libgcc' '-march=armv7-a' '-mtune=cortex-a9' '-mfloat-abi=soft' '-mthumb' '-mtls-dialect=gnu']
  ignore line: [ /usr/local/arm-linux/bin/../lib/gcc/arm-linux-gnueabi/5.5.0/../../../../arm-linux-gnueabi/bin/as -v -march=armv7-a -mfloat-abi=soft -meabi=5 -o CMakeFiles/cmTC_45913.dir/CMakeCXXCompilerABI.cpp.o /tmp/cc11DoXt.s]
  ignore line: [GNU assembler version 2.25.2 (arm-linux-gnueabi) using BFD version (Linaro_Binutils-2017.10) 2.25.2 Linaro 2016_02]
  ignore line: [COMPILER_PATH=/usr/local/arm-linux/bin/../libexec/gcc/arm-linux-gnueabi/5.5.0/:/usr/local/arm-linux/bin/../libexec/gcc/arm-linux-gnueabi/:/usr/local/arm-linux/bin/../libexec/gcc/:/usr/local/arm-linux/bin/../lib/gcc/arm-linux-gnueabi/5.5.0/../../../../arm-linux-gnueabi/bin/]
  ignore line: [LIBRARY_PATH=/usr/local/arm-linux/bin/../lib/gcc/arm-linux-gnueabi/5.5.0/:/usr/local/arm-linux/bin/../lib/gcc/arm-linux-gnueabi/:/usr/local/arm-linux/bin/../lib/gcc/:/usr/local/arm-linux/bin/../lib/gcc/arm-linux-gnueabi/5.5.0/../../../../arm-linux-gnueabi/lib/:/usr/local/arm-linux/bin/../arm-linux-gnueabi/libc/lib/:/usr/local/arm-linux/bin/../arm-linux-gnueabi/libc/usr/lib/]
  ignore line: [COLLECT_GCC_OPTIONS='-v' '-o' 'CMakeFiles/cmTC_45913.dir/CMakeCXXCompilerABI.cpp.o' '-c' '-shared-libgcc' '-march=armv7-a' '-mtune=cortex-a9' '-mfloat-abi=soft' '-mthumb' '-mtls-dialect=gnu']
  ignore line: [Linking CXX executable cmTC_45913]
  ignore line: [/usr/bin/cmake -E cmake_link_script CMakeFiles/cmTC_45913.dir/link.txt --verbose=1]
  ignore line: [/usr/local/arm-linux/bin//arm-linux-g++  -v CMakeFiles/cmTC_45913.dir/CMakeCXXCompilerABI.cpp.o -o cmTC_45913 ]
  ignore line: [Using built-in specs.]
  ignore line: [COLLECT_GCC=/usr/local/arm-linux/bin//arm-linux-g++]
  ignore line: [COLLECT_LTO_WRAPPER=/usr/local/arm-linux/bin/../libexec/gcc/arm-linux-gnueabi/5.5.0/lto-wrapper]
  ignore line: [Target: arm-linux-gnueabi]
  ignore line: [Configured with: '/home/tcwg-buildslave/workspace/tcwg-make-release/builder_arch/amd64/label/tcwg-x86_64-build/target/arm-linux-gnueabi/snapshots/gcc.git~linaro-5.5-2017.10/configure' SHELL=/bin/bash --with-mpc=/home/tcwg-buildslave/workspace/tcwg-make-release/builder_arch/amd64/label/tcwg-x86_64-build/target/arm-linux-gnueabi/_build/builds/destdir/x86_64-unknown-linux-gnu --with-mpfr=/home/tcwg-buildslave/workspace/tcwg-make-release/builder_arch/amd64/label/tcwg-x86_64-build/target/arm-linux-gnueabi/_build/builds/destdir/x86_64-unknown-linux-gnu --with-gmp=/home/tcwg-buildslave/workspace/tcwg-make-release/builder_arch/amd64/label/tcwg-x86_64-build/target/arm-linux-gnueabi/_build/builds/destdir/x86_64-unknown-linux-gnu --with-gnu-as --with-gnu-ld --disable-libmudflap --enable-lto --enable-shared --without-included-gettext --enable-nls --disable-sjlj-exceptions --enable-gnu-unique-object --enable-linker-build-id --disable-libstdcxx-pch --enable-c99 --enable-clocale=gnu --enable-libstdcxx-debug --enable-long-long --with-cloog=no --with-ppl=no --with-isl=no --disable-multilib --with-float=soft --with-mode=thumb --with-tune=cortex-a9 --with-arch=armv7-a --enable-threads=posix --enable-multiarch --enable-libstdcxx-time=yes --with-build-sysroot=/home/tcwg-buildslave/workspace/tcwg-make-release/builder_arch/amd64/label/tcwg-x86_64-build/target/arm-linux-gnueabi/_build/sysroots/arm-linux-gnueabi --with-sysroot=/home/tcwg-buildslave/workspace/tcwg-make-release/builder_arch/amd64/label/tcwg-x86_64-build/target/arm-linux-gnueabi/_build/builds/destdir/x86_64-unknown-linux-gnu/arm-linux-gnueabi/libc --enable-checking=release --disable-bootstrap --enable-languages=c,c++,fortran,lto --build=x86_64-unknown-linux-gnu --host=x86_64-unknown-linux-gnu --target=arm-linux-gnueabi --prefix=/home/tcwg-buildslave/workspace/tcwg-make-release/builder_arch/amd64/label/tcwg-x86_64-build/target/arm-linux-gnueabi/_build/builds/destdir/x86_64-unknown-linux-gnu]
  ignore line: [Thread model: posix]
  ignore line: [gcc version 5.5.0 (Linaro GCC 5.5-2017.10) ]
  ignore line: [COMPILER_PATH=/usr/local/arm-linux/bin/../libexec/gcc/arm-linux-gnueabi/5.5.0/:/usr/local/arm-linux/bin/../libexec/gcc/arm-linux-gnueabi/:/usr/local/arm-linux/bin/../libexec/gcc/:/usr/local/arm-linux/bin/../lib/gcc/arm-linux-gnueabi/5.5.0/../../../../arm-linux-gnueabi/bin/]
  ignore line: [LIBRARY_PATH=/usr/local/arm-linux/bin/../lib/gcc/arm-linux-gnueabi/5.5.0/:/usr/local/arm-linux/bin/../lib/gcc/arm-linux-gnueabi/:/usr/local/arm-linux/bin/../lib/gcc/:/usr/local/arm-linux/bin/../lib/gcc/arm-linux-gnueabi/5.5.0/../../../../arm-linux-gnueabi/lib/:/usr/local/arm-linux/bin/../arm-linux-gnueabi/libc/lib/:/usr/local/arm-linux/bin/../arm-linux-gnueabi/libc/usr/lib/]
  ignore line: [COLLECT_GCC_OPTIONS='-v' '-o' 'cmTC_45913' '-shared-libgcc' '-march=armv7-a' '-mtune=cortex-a9' '-mfloat-abi=soft' '-mthumb' '-mtls-dialect=gnu']
  link line: [ /usr/local/arm-linux/bin/../libexec/gcc/arm-linux-gnueabi/5.5.0/collect2 -plugin /usr/local/arm-linux/bin/../libexec/gcc/arm-linux-gnueabi/5.5.0/liblto_plugin.so -plugin-opt=/usr/local/arm-linux/bin/../libexec/gcc/arm-linux-gnueabi/5.5.0/lto-wrapper -plugin-opt=-fresolution=/tmp/ccAq3X8v.res -plugin-opt=-pass-through=-lgcc_s -plugin-opt=-pass-through=-lgcc -plugin-opt=-pass-through=-lc -plugin-opt=-pass-through=-lgcc_s -plugin-opt=-pass-through=-lgcc --sysroot=/usr/local/arm-linux/bin/../arm-linux-gnueabi/libc --build-id --eh-frame-hdr -dynamic-linker /lib/ld-linux.so.3 -X -m armelf_linux_eabi -o cmTC_45913 /usr/local/arm-linux/bin/../arm-linux-gnueabi/libc/usr/lib/crt1.o /usr/local/arm-linux/bin/../arm-linux-gnueabi/libc/usr/lib/crti.o /usr/local/arm-linux/bin/../lib/gcc/arm-linux-gnueabi/5.5.0/crtbegin.o -L/usr/local/arm-linux/bin/../lib/gcc/arm-linux-gnueabi/5.5.0 -L/usr/local/arm-linux/bin/../lib/gcc/arm-linux-gnueabi -L/usr/local/arm-linux/bin/../lib/gcc -L/usr/local/arm-linux/bin/../lib/gcc/arm-linux-gnueabi/5.5.0/../../../../arm-linux-gnueabi/lib -L/usr/local/arm-linux/bin/../arm-linux-gnueabi/libc/lib -L/usr/local/arm-linux/bin/../arm-linux-gnueabi/libc/usr/lib CMakeFiles/cmTC_45913.dir/CMakeCXXCompilerABI.cpp.o -lstdc++ -lm -lgcc_s -lgcc -lc -lgcc_s -lgcc /usr/local/arm-linux/bin/../lib/gcc/arm-linux-gnueabi/5.5.0/crtend.o /usr/local/arm-linux/bin/../arm-linux-gnueabi/libc/usr/lib/crtn.o]
    arg [/usr/local/arm-linux/bin/../libexec/gcc/arm-linux-gnueabi/5.5.0/collect2] ==> ignore
    arg [-plugin] ==> ignore
    arg [/usr/local/arm-linux/bin/../libexec/gcc/arm-linux-gnueabi/5.5.0/liblto_plugin.so] ==> ignore
    arg [-plugin-opt=/usr/local/arm-linux/bin/../libexec/gcc/arm-linux-gnueabi/5.5.0/lto-wrapper] ==> ignore
    arg [-plugin-opt=-fresolution=/tmp/ccAq3X8v.res] ==> ignore
    arg [-plugin-opt=-pass-through=-lgcc_s] ==> ignore
    arg [-plugin-opt=-pass-through=-lgcc] ==> ignore
    arg [-plugin-opt=-pass-through=-lc] ==> ignore
    arg [-plugin-opt=-pass-through=-lgcc_s] ==> ignore
    arg [-plugin-opt=-pass-through=-lgcc] ==> ignore
    arg [--sysroot=/usr/local/arm-linux/bin/../arm-linux-gnueabi/libc] ==> ignore
    arg [--build-id] ==> ignore
    arg [--eh-frame-hdr] ==> ignore
    arg [-dynamic-linker] ==> ignore
    arg [/lib/ld-linux.so.3] ==> ignore
    arg [-X] ==> ignore
    arg [-m] ==> ignore
    arg [armelf_linux_eabi] ==> ignore
    arg [-o] ==> ignore
    arg [cmTC_45913] ==> ignore
    arg [/usr/local/arm-linux/bin/../arm-linux-gnueabi/libc/usr/lib/crt1.o] ==> obj [/usr/local/arm-linux/bin/../arm-linux-gnueabi/libc/usr/lib/crt1.o]
    arg [/usr/local/arm-linux/bin/../arm-linux-gnueabi/libc/usr/lib/crti.o] ==> obj [/usr/local/arm-linux/bin/../arm-linux-gnueabi/libc/usr/lib/crti.o]
    arg [/usr/local/arm-linux/bin/../lib/gcc/arm-linux-gnueabi/5.5.0/crtbegin.o] ==> obj [/usr/local/arm-linux/bin/../lib/gcc/arm-linux-gnueabi/5.5.0/crtbegin.o]
    arg [-L/usr/local/arm-linux/bin/../lib/gcc/arm-linux-gnueabi/5.5.0] ==> dir [/usr/local/arm-linux/bin/../lib/gcc/arm-linux-gnueabi/5.5.0]
    arg [-L/usr/local/arm-linux/bin/../lib/gcc/arm-linux-gnueabi] ==> dir [/usr/local/arm-linux/bin/../lib/gcc/arm-linux-gnueabi]
    arg [-L/usr/local/arm-linux/bin/../lib/gcc] ==> dir [/usr/local/arm-linux/bin/../lib/gcc]
    arg [-L/usr/local/arm-linux/bin/../lib/gcc/arm-linux-gnueabi/5.5.0/../../../../arm-linux-gnueabi/lib] ==> dir [/usr/local/arm-linux/bin/../lib/gcc/arm-linux-gnueabi/5.5.0/../../../../arm-linux-gnueabi/lib]
    arg [-L/usr/local/arm-linux/bin/../arm-linux-gnueabi/libc/lib] ==> dir [/usr/local/arm-linux/bin/../arm-linux-gnueabi/libc/lib]
    arg [-L/usr/local/arm-linux/bin/../arm-linux-gnueabi/libc/usr/lib] ==> dir [/usr/local/arm-linux/bin/../arm-linux-gnueabi/libc/usr/lib]
    arg [CMakeFiles/cmTC_45913.dir/CMakeCXXCompilerABI.cpp.o] ==> ignore
    arg [-lstdc++] ==> lib [stdc++]
    arg [-lm] ==> lib [m]
    arg [-lgcc_s] ==> lib [gcc_s]
    arg [-lgcc] ==> lib [gcc]
    arg [-lc] ==> lib [c]
    arg [-lgcc_s] ==> lib [gcc_s]
    arg [-lgcc] ==> lib [gcc]
    arg [/usr/local/arm-linux/bin/../lib/gcc/arm-linux-gnueabi/5.5.0/crtend.o] ==> obj [/usr/local/arm-linux/bin/../lib/gcc/arm-linux-gnueabi/5.5.0/crtend.o]
    arg [/usr/local/arm-linux/bin/../arm-linux-gnueabi/libc/usr/lib/crtn.o] ==> obj [/usr/local/arm-linux/bin/../arm-linux-gnueabi/libc/usr/lib/crtn.o]
  collapse obj [/usr/local/arm-linux/bin/../arm-linux-gnueabi/libc/usr/lib/crt1.o] ==> [/usr/local/arm-linux/arm-linux-gnueabi/libc/usr/lib/crt1.o]
  collapse obj [/usr/local/arm-linux/bin/../arm-linux-gnueabi/libc/usr/lib/crti.o] ==> [/usr/local/arm-linux/arm-linux-gnueabi/libc/usr/lib/crti.o]
  collapse obj [/usr/local/arm-linux/bin/../lib/gcc/arm-linux-gnueabi/5.5.0/crtbegin.o] ==> [/usr/local/arm-linux/lib/gcc/arm-linux-gnueabi/5.5.0/crtbegin.o]
  collapse obj [/usr/local/arm-linux/bin/../lib/gcc/arm-linux-gnueabi/5.5.0/crtend.o] ==> [/usr/local/arm-linux/lib/gcc/arm-linux-gnueabi/5.5.0/crtend.o]
  collapse obj [/usr/local/arm-linux/bin/../arm-linux-gnueabi/libc/usr/lib/crtn.o] ==> [/usr/local/arm-linux/arm-linux-gnueabi/libc/usr/lib/crtn.o]
  collapse library dir [/usr/local/arm-linux/bin/../lib/gcc/arm-linux-gnueabi/5.5.0] ==> [/usr/local/arm-linux/lib/gcc/arm-linux-gnueabi/5.5.0]
  collapse library dir [/usr/local/arm-linux/bin/../lib/gcc/arm-linux-gnueabi] ==> [/usr/local/arm-linux/lib/gcc/arm-linux-gnueabi]
  collapse library dir [/usr/local/arm-linux/bin/../lib/gcc] ==> [/usr/local/arm-linux/lib/gcc]
  collapse library dir [/usr/local/arm-linux/bin/../lib/gcc/arm-linux-gnueabi/5.5.0/../../../../arm-linux-gnueabi/lib] ==> [/usr/local/arm-linux/arm-linux-gnueabi/lib]
  collapse library dir [/usr/local/arm-linux/bin/../arm-linux-gnueabi/libc/lib] ==> [/usr/local/arm-linux/arm-linux-gnueabi/libc/lib]
  collapse library dir [/usr/local/arm-linux/bin/../arm-linux-gnueabi/libc/usr/lib] ==> [/usr/local/arm-linux/arm-linux-gnueabi/libc/usr/lib]
  implicit libs: [stdc++;m;gcc_s;gcc;c;gcc_s;gcc]
  implicit objs: [/usr/local/arm-linux/arm-linux-gnueabi/libc/usr/lib/crt1.o;/usr/local/arm-linux/arm-linux-gnueabi/libc/usr/lib/crti.o;/usr/local/arm-linux/lib/gcc/arm-linux-gnueabi/5.5.0/crtbegin.o;/usr/local/arm-linux/lib/gcc/arm-linux-gnueabi/5.5.0/crtend.o;/usr/local/arm-linux/arm-linux-gnueabi/libc/usr/lib/crtn.o]
  implicit dirs: [/usr/local/arm-linux/lib/gcc/arm-linux-gnueabi/5.5.0;/usr/local/arm-linux/lib/gcc/arm-linux-gnueabi;/usr/local/arm-linux/lib/gcc;/usr/local/arm-linux/arm-linux-gnueabi/lib;/usr/local/arm-linux/arm-linux-gnueabi/libc/lib;/usr/local/arm-linux/arm-linux-gnueabi/libc/usr/lib]
  implicit fwks: []


Checking whether the ASM compiler is GNU using "--version" matched "(GNU assembler)|(GCC)|(Free Software Foundation)":
arm-linux-gcc (Linaro GCC 5.5-2017.10) 5.5.0
Copyright (C) 2015 Free Software Foundation, Inc.
This is free software; see the source for copying conditions.  There is NO
warranty; not even for MERCHANTABILITY or FITNESS FOR A PARTICULAR PURPOSE.

